sample.interval=20000
"readLines" "proftable" 
"gsub" "proftable" 
"gsub" "proftable" 
"gsub" "proftable" 
"strsplit" "unlist" "rev" "FUN" "lapply" "proftable" 
"strsplit" "unlist" "rev" "FUN" "lapply" "proftable" 
"strsplit" "unlist" "rev" "FUN" "lapply" "proftable" 
"strsplit" "unlist" "rev" "FUN" "lapply" "proftable" 
"strsplit" "unlist" "rev" "FUN" "lapply" "proftable" 
"rev.default" "rev" "FUN" "lapply" "proftable" 
"rev.default" "rev" "FUN" "lapply" "proftable" 
"rev.default" "rev" "FUN" "lapply" "proftable" 
"unlist" "rev" "FUN" "lapply" "proftable" 
"strsplit" "unlist" "rev" "FUN" "lapply" "proftable" 
"rev.default" "rev" "FUN" "lapply" "proftable" 
"strsplit" "unlist" "rev" "FUN" "lapply" "proftable" 
"unlist" "rev" "FUN" "lapply" "proftable" 
"strsplit" "unlist" "rev" "FUN" "lapply" "proftable" 
"strsplit" "unlist" "rev" "FUN" "lapply" "proftable" 
"strsplit" "unlist" "rev" "FUN" "lapply" "proftable" 
"strsplit" "unlist" "rev" "FUN" "lapply" "proftable" 
"strsplit" "unlist" "rev" "FUN" "lapply" "proftable" 
"FUN" "lapply" "sapply" "table" "as.data.frame" "proftable" 
"paste" "FUN" "lapply" "sapply" "table" "as.data.frame" "proftable" 
"paste" "FUN" "lapply" "sapply" "table" "as.data.frame" "proftable" 
"FUN" "lapply" "sapply" "table" "as.data.frame" "proftable" 
"unique" "<Anonymous>" "setdiff.default" "setdiff" "FUN" "lapply" "proftable" 
"readLines" "summaryRprof" 
"strsplit" "summaryRprof" 
"strsplit" "summaryRprof" 
"strsplit" "summaryRprof" 
"lapply" "sapply" "summaryRprof" 
"lapply" "summaryRprof" 
"FUN" "lapply" "summaryRprof" 
"unique.default" "FUN" "lapply" "summaryRprof" 
"table" "summaryRprof" 
"strsplit" "summaryRprof" 
"FUN" "lapply" "summaryRprof" 
"print.default" "print" "print.data.frame" "print" 
"print.default" "print" "print.data.frame" "print" 
"print.default" "print" "print.data.frame" "print" 
"print.default" "print" "print.data.frame" "print" 
"prettyNum" "format.default" "format" "format.fun" "paste" "formObj" "cat" "str.default" "str" "doTryCatch" "tryCatchOne" "tryCatchList" "tryCatch" "try" "eval" "eval" "withVisible" "evalVis" "capture.output" ".rs.valueFromStr" "doTryCatch" "tryCatchOne" "tryCatchList" "tryCatch" ".rs.valueDescription" "<Anonymous>" 
"strsplit" "prettyNum" "format.default" "format" "format.fun" "paste" "formObj" "cat" "str.default" "str" "doTryCatch" "tryCatchOne" "tryCatchList" "tryCatch" "try" "eval" "eval" "withVisible" "evalVis" "capture.output" ".rs.valueFromStr" "doTryCatch" "tryCatchOne" "tryCatchList" "tryCatch" ".rs.valueDescription" "<Anonymous>" 
"c" "eval" "eval" "match.arg" "sink" "capture.output" ".rs.valueFromStr" "doTryCatch" "tryCatchOne" "tryCatchList" "tryCatch" ".rs.valueDescription" "<Anonymous>" 
"as.list.default" "as.list" "strSub" "str.default" "str" "<Anonymous>" "do.call" "strSub" "str.default" "str" "doTryCatch" "tryCatchOne" "tryCatchList" "tryCatch" "try" "eval" "eval" "withVisible" "evalVis" "capture.output" ".rs.valueFromStr" "doTryCatch" "tryCatchOne" "tryCatchList" "tryCatch" ".rs.valueDescription" "<Anonymous>" 
".rs.scalar" "<Anonymous>" 
".getClassFromCache" "getClassDef" "is" "doTryCatch" "tryCatchOne" "tryCatchList" "tryCatch" ".rs.valueDescription" "<Anonymous>" 
"match.arg" "str.default" "str" "doTryCatch" "tryCatchOne" "tryCatchList" "tryCatch" "try" "eval" "eval" "withVisible" "evalVis" "capture.output" ".rs.valueFromStr" "doTryCatch" "tryCatchOne" "tryCatchList" "tryCatch" ".rs.valueAsString" "<Anonymous>" 
"str.default" "str" "doTryCatch" "tryCatchOne" "tryCatchList" "tryCatch" "try" "eval" "eval" "withVisible" "evalVis" "capture.output" ".rs.valueFromStr" "doTryCatch" "tryCatchOne" "tryCatchList" "tryCatch" ".rs.valueAsString" "<Anonymous>" 
"paste0" "str.default" "str" "<Anonymous>" "do.call" "strSub" "str.default" "str" "doTryCatch" "tryCatchOne" "tryCatchList" "tryCatch" "try" "eval" "eval" "withVisible" "evalVis" "capture.output" ".rs.valueFromStr" "doTryCatch" "tryCatchOne" "tryCatchList" "tryCatch" ".rs.valueContents" "<Anonymous>" 
"str.default" "str" "doTryCatch" "tryCatchOne" "tryCatchList" "tryCatch" "try" "eval" "eval" "withVisible" "evalVis" "capture.output" ".rs.valueFromStr" "doTryCatch" "tryCatchOne" "tryCatchList" "tryCatch" ".rs.valueContents" "<Anonymous>" 
"stopifnot" "modifyList" "str.default" "str" "<Anonymous>" "do.call" "strSub" "str.default" "str" "doTryCatch" "tryCatchOne" "tryCatchList" "tryCatch" "try" "eval" "eval" "withVisible" "evalVis" "capture.output" ".rs.valueFromStr" "doTryCatch" "tryCatchOne" "tryCatchList" "tryCatch" ".rs.valueContents" "<Anonymous>" 
"%in%" "deparse" "eval" "match.arg" "format.default" "format" "format.fun" "paste" "formObj" "cat" "str.default" "str" "<Anonymous>" "do.call" "strSub" "str.default" "str" "doTryCatch" "tryCatchOne" "tryCatchList" "tryCatch" "try" "eval" "eval" "withVisible" "evalVis" "capture.output" ".rs.valueFromStr" "doTryCatch" "tryCatchOne" "tryCatchList" "tryCatch" ".rs.valueContents" "<Anonymous>" 
"eval" "eval" "FUN" "lapply" "strSub" "str.default" "str" "doTryCatch" "tryCatchOne" "tryCatchList" "tryCatch" "try" "eval" "eval" "withVisible" "evalVis" "capture.output" ".rs.valueFromStr" "doTryCatch" "tryCatchOne" "tryCatchList" "tryCatch" ".rs.valueContents" "<Anonymous>" 
"prettyNum" "format.default" "format" "format.fun" "paste" "formObj" "cat" "str.default" "str" "<Anonymous>" "do.call" "strSub" "str.default" "str" "doTryCatch" "tryCatchOne" "tryCatchList" "tryCatch" "try" "eval" "eval" "withVisible" "evalVis" "capture.output" ".rs.valueFromStr" "doTryCatch" "tryCatchOne" "tryCatchList" "tryCatch" ".rs.valueContents" "<Anonymous>" 
"%in%" "deparse" "eval" "match.arg" "format.default" "format" "format.fun" "paste" "formObj" "cat" "str.default" "str" "<Anonymous>" "do.call" "strSub" "str.default" "str" "doTryCatch" "tryCatchOne" "tryCatchList" "tryCatch" "try" "eval" "eval" "withVisible" "evalVis" "capture.output" ".rs.valueFromStr" "doTryCatch" "tryCatchOne" "tryCatchList" "tryCatch" ".rs.valueContents" "<Anonymous>" 
"sub" "prettyNum" "format.default" "format" "format.fun" "paste" "formObj" "cat" "str.default" "str" "<Anonymous>" "do.call" "strSub" "str.default" "str" "doTryCatch" "tryCatchOne" "tryCatchList" "tryCatch" "try" "eval" "eval" "withVisible" "evalVis" "capture.output" ".rs.valueFromStr" "doTryCatch" "tryCatchOne" "tryCatchList" "tryCatch" ".rs.valueContents" "<Anonymous>" 
"is.list" "modifyList" "str.default" "str" "<Anonymous>" "do.call" "strSub" "str.default" "str" "doTryCatch" "tryCatchOne" "tryCatchList" "tryCatch" "try" "eval" "eval" "withVisible" "evalVis" "capture.output" ".rs.valueFromStr" "doTryCatch" "tryCatchOne" "tryCatchList" "tryCatch" ".rs.valueContents" "<Anonymous>" 
"str" "<Anonymous>" "do.call" "strSub" "str.default" "str" "doTryCatch" "tryCatchOne" "tryCatchList" "tryCatch" "try" "eval" "eval" "withVisible" "evalVis" "capture.output" ".rs.valueFromStr" "doTryCatch" "tryCatchOne" "tryCatchList" "tryCatch" ".rs.valueContents" "<Anonymous>" 
"eval" "FUN" "lapply" "strSub" "str.default" "str" "doTryCatch" "tryCatchOne" "tryCatchList" "tryCatch" "try" "eval" "eval" "withVisible" "evalVis" "capture.output" ".rs.valueFromStr" "doTryCatch" "tryCatchOne" "tryCatchList" "tryCatch" ".rs.valueContents" "<Anonymous>" 
"prettyNum" "format.default" "format" "format.fun" "paste" "formObj" "cat" "str.default" "str" "<Anonymous>" "do.call" "strSub" "str.default" "str" "doTryCatch" "tryCatchOne" "tryCatchList" "tryCatch" "try" "eval" "eval" "withVisible" "evalVis" "capture.output" ".rs.valueFromStr" "doTryCatch" "tryCatchOne" "tryCatchList" "tryCatch" ".rs.valueContents" "<Anonymous>" 
"nchar" "doTryCatch" "tryCatchOne" "tryCatchList" "tryCatch" ".rs.valueAsString" "<Anonymous>" 
"formals" "str.default" "str" "doTryCatch" "tryCatchOne" "tryCatchList" "tryCatch" "try" "eval" "eval" "withVisible" "evalVis" "capture.output" ".rs.valueFromStr" "doTryCatch" "tryCatchOne" "tryCatchList" "tryCatch" ".rs.valueDescription" "<Anonymous>" 
"match" "%in%" "deparse" "eval" "match.arg" "format.default" "format" "format.fun" "paste" "formObj" "cat" "str.default" "str" "doTryCatch" "tryCatchOne" "tryCatchList" "tryCatch" "try" "eval" "eval" "withVisible" "evalVis"